TN:
SF:src/adapters/express/middlewares.ts
FN:4,authMiddleware
FNF:1
FNH:0
FNDA:0,authMiddleware
DA:1,0
DA:4,0
DA:9,0
DA:10,0
DA:11,0
DA:12,0
DA:14,0
DA:15,0
LF:8
LH:0
BRF:0
BRH:0
end_of_record
TN:
SF:src/adapters/express/server.ts
FN:20,(anonymous_0)
FN:23,(anonymous_1)
FN:37,(anonymous_2)
FNF:3
FNH:0
FNDA:0,(anonymous_0)
FNDA:0,(anonymous_1)
FNDA:0,(anonymous_2)
DA:1,0
DA:2,0
DA:3,0
DA:4,0
DA:5,0
DA:6,0
DA:7,0
DA:8,0
DA:9,0
DA:10,0
DA:12,0
DA:17,0
DA:19,0
DA:20,0
DA:21,0
DA:23,0
DA:24,0
DA:27,0
DA:28,0
DA:30,0
DA:31,0
DA:33,0
DA:34,0
DA:35,0
DA:37,0
DA:38,0
LF:26
LH:0
BRF:0
BRH:0
end_of_record
TN:
SF:src/adapters/express/routers/login.router.ts
FN:9,(anonymous_7)
FN:9,(anonymous_8)
FNF:2
FNH:0
FNDA:0,(anonymous_7)
FNDA:0,(anonymous_8)
DA:1,0
DA:2,0
DA:3,0
DA:5,0
DA:6,0
DA:7,0
DA:9,0
DA:10,0
DA:11,0
DA:12,0
DA:13,0
DA:14,0
DA:18,0
DA:23,0
DA:24,0
DA:28,0
LF:16
LH:0
BRDA:13,0,0,0
BRF:1
BRH:0
end_of_record
TN:
SF:src/adapters/express/routers/transaction.router.ts
FN:9,(anonymous_7)
FN:9,(anonymous_8)
FNF:2
FNH:0
FNDA:0,(anonymous_7)
FNDA:0,(anonymous_8)
DA:1,0
DA:2,0
DA:3,0
DA:5,0
DA:6,0
DA:7,0
DA:9,0
DA:10,0
DA:11,0
DA:13,0
DA:14,0
DA:17,0
DA:19,0
DA:20,0
DA:24,0
LF:15
LH:0
BRDA:13,0,0,0
BRF:1
BRH:0
end_of_record
TN:
SF:src/adapters/express/routers/user.router.ts
FN:9,(anonymous_7)
FN:9,(anonymous_8)
FNF:2
FNH:0
FNDA:0,(anonymous_7)
FNDA:0,(anonymous_8)
DA:1,0
DA:2,0
DA:3,0
DA:5,0
DA:6,0
DA:7,0
DA:9,0
DA:10,0
DA:11,0
DA:13,0
DA:19,0
DA:20,0
DA:24,0
LF:13
LH:0
BRF:0
BRH:0
end_of_record
TN:
SF:src/adapters/express/routers/wallet.router.ts
FN:9,(anonymous_7)
FN:9,(anonymous_8)
FN:31,(anonymous_9)
FN:31,(anonymous_10)
FNF:4
FNH:0
FNDA:0,(anonymous_7)
FNDA:0,(anonymous_8)
FNDA:0,(anonymous_9)
FNDA:0,(anonymous_10)
DA:1,0
DA:2,0
DA:3,0
DA:5,0
DA:6,0
DA:7,0
DA:9,0
DA:10,0
DA:11,0
DA:12,0
DA:14,0
DA:15,0
DA:16,0
DA:20,0
DA:26,0
DA:27,0
DA:31,0
DA:32,0
DA:33,0
DA:34,0
DA:36,0
DA:37,0
DA:38,0
DA:42,0
DA:48,0
DA:49,0
DA:53,0
LF:27
LH:0
BRDA:12,0,0,0
BRDA:15,1,0,0
BRDA:34,2,0,0
BRDA:37,3,0,0
BRF:4
BRH:0
end_of_record
TN:
SF:src/adapters/logger/logger.ts
FN:6,(anonymous_0)
FN:22,(anonymous_1)
FNF:2
FNH:0
FNDA:0,(anonymous_0)
FNDA:0,(anonymous_1)
DA:1,0
DA:4,0
DA:7,0
DA:16,0
DA:17,0
DA:23,0
LF:6
LH:0
BRDA:16,0,0,0
BRF:1
BRH:0
end_of_record
TN:
SF:src/adapters/swagger/config.ts
FNF:0
FNH:0
DA:1,0
LF:1
LH:0
BRF:0
BRH:0
end_of_record
TN:
SF:src/config/databases.ts
FNF:0
FNH:0
DA:1,0
DA:9,0
DA:18,0
LF:3
LH:0
BRF:0
BRH:0
end_of_record
TN:
SF:src/config/ormconfig.ts
FNF:0
FNH:0
DA:1,0
DA:2,0
DA:3,0
DA:5,0
DA:16,0
DA:18,0
LF:6
LH:0
BRF:0
BRH:0
end_of_record
TN:
SF:src/config/migrations/1708098961947-user.ts
FN:5,(anonymous_7)
FN:11,(anonymous_9)
FNF:2
FNH:0
FNDA:0,(anonymous_7)
FNDA:0,(anonymous_9)
DA:3,0
DA:6,0
DA:7,0
DA:8,0
DA:12,0
DA:13,0
LF:6
LH:0
BRF:0
BRH:0
end_of_record
TN:
SF:src/config/migrations/1708463238845-orders.ts
FN:5,(anonymous_7)
FN:9,(anonymous_9)
FNF:2
FNH:0
FNDA:0,(anonymous_7)
FNDA:0,(anonymous_9)
DA:3,0
DA:6,0
DA:10,0
LF:3
LH:0
BRF:0
BRH:0
end_of_record
TN:
SF:src/controllers/index.ts
FNF:0
FNH:0
DA:1,0
DA:2,0
DA:3,0
LF:3
LH:0
BRF:0
BRH:0
end_of_record
TN:
SF:src/controllers/payment.controller.ts
FN:5,(anonymous_7)
FN:11,(anonymous_8)
FN:19,(anonymous_10)
FNF:3
FNH:0
FNDA:0,(anonymous_7)
FNDA:0,(anonymous_8)
FNDA:0,(anonymous_10)
DA:1,0
DA:3,0
DA:5,0
DA:6,0
DA:7,0
DA:8,0
DA:9,0
DA:12,0
DA:13,0
DA:14,0
DA:16,0
DA:20,0
DA:21,0
DA:22,0
DA:24,0
DA:25,0
DA:26,0
DA:29,0
DA:34,0
DA:39,0
DA:40,0
DA:44,0
DA:47,0
DA:59,0
DA:63,0
DA:64,0
DA:66,0
DA:67,0
LF:28
LH:0
BRDA:13,0,0,0
BRDA:24,1,0,0
BRDA:39,2,0,0
BRF:3
BRH:0
end_of_record
TN:
SF:src/controllers/user.controller.ts
FN:7,(anonymous_7)
FN:12,(anonymous_8)
FN:35,(anonymous_10)
FN:43,(anonymous_12)
FN:61,(anonymous_14)
FN:67,(anonymous_16)
FNF:6
FNH:0
FNDA:0,(anonymous_7)
FNDA:0,(anonymous_8)
FNDA:0,(anonymous_10)
FNDA:0,(anonymous_12)
FNDA:0,(anonymous_14)
FNDA:0,(anonymous_16)
DA:2,0
DA:3,0
DA:4,0
DA:5,0
DA:7,0
DA:8,0
DA:9,0
DA:13,0
DA:14,0
DA:15,0
DA:24,0
DA:25,0
DA:27,0
DA:28,0
DA:29,0
DA:31,0
DA:36,0
DA:37,0
DA:39,0
DA:47,0
DA:48,0
DA:49,0
DA:50,0
DA:52,0
DA:53,0
DA:55,0
DA:56,0
DA:58,0
DA:62,0
DA:63,0
DA:64,0
DA:68,0
DA:69,0
DA:70,0
LF:34
LH:0
BRDA:25,0,0,0
BRDA:49,1,0,0
BRDA:50,2,0,0
BRDA:52,3,0,0
BRDA:63,4,0,0
BRDA:69,5,0,0
BRF:6
BRH:0
end_of_record
TN:
SF:src/controllers/wallet.controller.ts
FN:6,(anonymous_7)
FN:9,(anonymous_8)
FN:25,(anonymous_10)
FN:33,(anonymous_12)
FN:48,(anonymous_14)
FNF:5
FNH:0
FNDA:0,(anonymous_7)
FNDA:0,(anonymous_8)
FNDA:0,(anonymous_10)
FNDA:0,(anonymous_12)
FNDA:0,(anonymous_14)
DA:3,0
DA:4,0
DA:6,0
DA:7,0
DA:8,0
DA:10,0
DA:11,0
DA:16,0
DA:17,0
DA:19,0
DA:21,0
DA:26,0
DA:27,0
DA:29,0
DA:34,0
DA:36,0
DA:37,0
DA:39,0
DA:40,0
DA:42,0
DA:44,0
DA:49,0
DA:50,0
DA:51,0
DA:52,0
DA:54,0
DA:55,0
DA:57,0
DA:59,0
LF:29
LH:0
BRDA:17,0,0,0
BRF:1
BRH:0
end_of_record
TN:
SF:src/entities/index.ts
FNF:0
FNH:0
DA:1,0
DA:2,0
DA:3,0
LF:3
LH:0
BRF:0
BRH:0
end_of_record
TN:
SF:src/entities/order.ts
FNF:0
FNH:0
DA:2,0
DA:5,0
DA:7,0
DA:10,0
DA:13,0
DA:16,0
DA:19,0
LF:7
LH:0
BRF:0
BRH:0
end_of_record
TN:
SF:src/entities/user.ts
FNF:0
FNH:0
DA:2,0
DA:5,0
DA:7,0
DA:10,0
DA:13,0
DA:16,0
DA:19,0
DA:22,0
DA:25,0
DA:28,0
LF:10
LH:0
BRF:0
BRH:0
end_of_record
TN:
SF:src/entities/wallet.ts
FNF:0
FNH:0
DA:1,0
DA:5,0
DA:7,0
DA:10,0
DA:13,0
LF:5
LH:0
BRF:0
BRH:0
end_of_record
TN:
SF:src/model/index.ts
FNF:0
FNH:0
DA:1,0
DA:2,0
DA:3,0
LF:3
LH:0
BRF:0
BRH:0
end_of_record
TN:
SF:src/model/orderRepository.ts
FN:16,(anonymous_7)
FN:18,(anonymous_8)
FN:28,(anonymous_10)
FN:40,(anonymous_12)
FN:52,(anonymous_14)
FN:59,(anonymous_16)
FN:59,(anonymous_17)
FNF:7
FNH:0
FNDA:0,(anonymous_7)
FNDA:0,(anonymous_8)
FNDA:0,(anonymous_10)
FNDA:0,(anonymous_12)
FNDA:0,(anonymous_14)
FNDA:0,(anonymous_16)
FNDA:0,(anonymous_17)
DA:1,0
DA:3,0
DA:16,0
DA:17,0
DA:19,0
DA:20,0
DA:25,0
DA:29,0
DA:30,0
DA:35,0
DA:37,0
DA:41,0
DA:42,0
DA:47,0
DA:49,0
DA:57,0
DA:58,0
DA:59,0
DA:60,0
DA:66,0
DA:75,0
LF:21
LH:0
BRDA:47,0,0,0
BRDA:47,0,1,0
BRF:2
BRH:0
end_of_record
TN:
SF:src/model/userRepository.ts
FN:7,(anonymous_7)
FN:9,(anonymous_8)
FN:19,(anonymous_10)
FN:28,(anonymous_12)
FN:40,(anonymous_14)
FN:52,(anonymous_16)
FNF:6
FNH:0
FNDA:0,(anonymous_7)
FNDA:0,(anonymous_8)
FNDA:0,(anonymous_10)
FNDA:0,(anonymous_12)
FNDA:0,(anonymous_14)
FNDA:0,(anonymous_16)
DA:3,0
DA:5,0
DA:7,0
DA:8,0
DA:10,0
DA:11,0
DA:16,0
DA:20,0
DA:21,0
DA:25,0
DA:29,0
DA:30,0
DA:35,0
DA:37,0
DA:41,0
DA:42,0
DA:47,0
DA:49,0
DA:53,0
DA:54,0
DA:60,0
DA:62,0
LF:22
LH:0
BRDA:47,0,0,0
BRDA:47,0,1,0
BRDA:60,1,0,0
BRDA:60,1,1,0
BRF:4
BRH:0
end_of_record
TN:
SF:src/model/walletRepository.ts
FN:6,(anonymous_7)
FN:8,(anonymous_8)
FN:18,(anonymous_10)
FN:31,(anonymous_12)
FNF:4
FNH:0
FNDA:0,(anonymous_7)
FNDA:0,(anonymous_8)
FNDA:0,(anonymous_10)
FNDA:0,(anonymous_12)
DA:1,0
DA:4,0
DA:6,0
DA:7,0
DA:9,0
DA:10,0
DA:15,0
DA:19,0
DA:20,0
DA:26,0
DA:28,0
DA:32,0
DA:33,0
DA:39,0
DA:41,0
LF:15
LH:0
BRDA:39,0,0,0
BRDA:39,0,1,0
BRF:2
BRH:0
end_of_record
TN:
SF:src/utils/dataValidation.ts
FN:4,(anonymous_0)
FN:8,(anonymous_1)
FN:17,(anonymous_2)
FN:31,(anonymous_3)
FN:51,(anonymous_4)
FN:66,(anonymous_5)
FNF:6
FNH:6
FNDA:4,(anonymous_0)
FNDA:8,(anonymous_1)
FNDA:8,(anonymous_2)
FNDA:8,(anonymous_3)
FNDA:8,(anonymous_4)
FNDA:8,(anonymous_5)
DA:1,1
DA:4,1
DA:5,4
DA:6,4
DA:9,8
DA:10,8
DA:11,8
DA:18,8
DA:19,8
DA:20,2
DA:21,8
DA:22,2
DA:23,8
DA:24,2
DA:25,8
DA:32,8
DA:33,8
DA:34,8
DA:39,0
DA:41,8
DA:42,2
DA:43,8
DA:44,2
DA:45,8
DA:52,8
DA:53,0
DA:54,8
DA:55,2
DA:56,8
DA:57,0
DA:58,0
DA:59,0
DA:61,8
DA:67,8
DA:68,8
DA:69,8
DA:70,8
LF:37
LH:32
BRDA:9,0,0,2
BRDA:10,1,0,2
BRDA:13,2,0,2
BRDA:13,2,1,6
BRDA:18,3,0,2
BRDA:19,4,0,2
BRDA:21,5,0,2
BRDA:23,6,0,2
BRDA:27,7,0,2
BRDA:27,7,1,6
BRDA:33,8,0,0
BRDA:34,9,0,0
BRDA:41,10,0,2
BRDA:43,11,0,2
BRDA:47,12,0,2
BRDA:47,12,1,6
BRDA:52,13,0,0
BRDA:54,14,0,2
BRDA:56,15,0,0
BRDA:58,16,0,0
BRDA:63,17,0,2
BRDA:63,17,1,6
BRDA:67,18,0,0
BRDA:68,19,0,0
BRDA:69,20,0,2
BRDA:72,21,0,2
BRDA:72,21,1,6
BRF:27
BRH:20
end_of_record
TN:
SF:src/utils/hashing.ts
FN:3,hashingPassword
FN:9,IsPasswordValid
FNF:2
FNH:1
FNDA:4,hashingPassword
FNDA:0,IsPasswordValid
DA:1,1
DA:3,1
DA:4,4
DA:5,4
DA:6,4
DA:9,1
DA:13,0
DA:14,0
DA:17,0
DA:18,0
LF:10
LH:6
BRF:0
BRH:0
end_of_record
TN:
SF:src/utils/index.ts
FNF:0
FNH:0
DA:1,1
DA:2,1
DA:3,1
LF:3
LH:3
BRF:0
BRH:0
end_of_record
TN:
SF:src/utils/instantiateUser.ts
FN:10,(anonymous_7)
FN:13,(anonymous_8)
FN:23,(anonymous_10)
FNF:3
FNH:0
FNDA:0,(anonymous_7)
FNDA:0,(anonymous_8)
FNDA:0,(anonymous_10)
DA:1,0
DA:3,0
DA:8,0
DA:9,0
DA:11,0
DA:14,0
DA:15,0
DA:16,0
DA:17,0
DA:18,0
DA:20,0
DA:24,0
DA:25,0
DA:26,0
DA:27,0
DA:28,0
DA:30,0
LF:17
LH:0
BRF:0
BRH:0
end_of_record
TN:
SF:src/utils/jwtToken.ts
FN:3,generateToken
FN:9,verifyToken
FNF:2
FNH:0
FNDA:0,generateToken
FNDA:0,verifyToken
DA:1,0
DA:3,0
DA:4,0
DA:9,0
DA:10,0
LF:5
LH:0
BRF:0
BRH:0
end_of_record
TN:
SF:src/utils/userBuilder.ts
FN:3,(anonymous_0)
FN:17,(anonymous_1)
FN:21,(anonymous_2)
FN:28,(anonymous_3)
FN:37,(anonymous_4)
FN:47,(anonymous_5)
FN:54,(anonymous_6)
FN:61,(anonymous_7)
FN:68,(anonymous_8)
FNF:9
FNH:8
FNDA:4,(anonymous_0)
FNDA:0,(anonymous_1)
FNDA:4,(anonymous_2)
FNDA:4,(anonymous_3)
FNDA:4,(anonymous_4)
FNDA:4,(anonymous_5)
FNDA:4,(anonymous_6)
FNDA:4,(anonymous_7)
FNDA:4,(anonymous_8)
DA:1,1
DA:3,1
DA:4,4
DA:5,4
DA:6,4
DA:7,4
DA:18,0
DA:22,4
DA:23,4
DA:24,4
DA:25,4
DA:29,4
DA:30,4
DA:33,4
DA:34,4
DA:38,4
DA:39,4
DA:43,4
DA:44,4
DA:48,4
DA:49,4
DA:50,4
DA:51,4
DA:55,4
DA:56,4
DA:57,4
DA:58,4
DA:62,4
DA:65,4
DA:69,4
DA:70,1
DA:72,3
LF:32
LH:31
BRDA:62,0,0,2
BRDA:62,0,1,2
BRDA:69,1,0,1
BRF:3
BRH:3
end_of_record
