TN:
SF:src/adapters/inbound/express/server.ts
FN:20,(anonymous_0)
FN:23,(anonymous_1)
FN:37,(anonymous_2)
FNF:3
FNH:0
FNDA:0,(anonymous_0)
FNDA:0,(anonymous_1)
FNDA:0,(anonymous_2)
DA:1,0
DA:2,0
DA:3,0
DA:4,0
DA:5,0
DA:6,0
DA:7,0
DA:8,0
DA:9,0
DA:10,0
DA:12,0
DA:17,0
DA:19,0
DA:20,0
DA:21,0
DA:23,0
DA:24,0
DA:27,0
DA:28,0
DA:30,0
DA:31,0
DA:33,0
DA:34,0
DA:35,0
DA:37,0
DA:38,0
LF:26
LH:0
BRF:0
BRH:0
end_of_record
TN:
SF:src/adapters/inbound/express/validAuthentication.ts
FN:4,validAuthentication
FNF:1
FNH:0
FNDA:0,validAuthentication
DA:1,0
DA:4,0
DA:9,0
DA:10,0
DA:11,0
DA:12,0
DA:14,0
DA:15,0
LF:8
LH:0
BRF:0
BRH:0
end_of_record
TN:
SF:src/adapters/inbound/express/routers/login.controller.ts
FN:9,(anonymous_7)
FN:9,(anonymous_8)
FNF:2
FNH:0
FNDA:0,(anonymous_7)
FNDA:0,(anonymous_8)
DA:1,0
DA:2,0
DA:3,0
DA:5,0
DA:6,0
DA:7,0
DA:9,0
DA:10,0
DA:11,0
DA:12,0
DA:13,0
DA:14,0
DA:18,0
DA:23,0
DA:24,0
DA:28,0
LF:16
LH:0
BRDA:13,0,0,0
BRF:1
BRH:0
end_of_record
TN:
SF:src/adapters/inbound/express/routers/transaction.controller.ts
FN:9,(anonymous_7)
FN:9,(anonymous_8)
FNF:2
FNH:0
FNDA:0,(anonymous_7)
FNDA:0,(anonymous_8)
DA:1,0
DA:2,0
DA:3,0
DA:5,0
DA:6,0
DA:7,0
DA:9,0
DA:10,0
DA:11,0
DA:13,0
DA:14,0
DA:17,0
DA:19,0
DA:20,0
DA:24,0
LF:15
LH:0
BRDA:13,0,0,0
BRF:1
BRH:0
end_of_record
TN:
SF:src/adapters/inbound/express/routers/user.controller.ts
FN:9,(anonymous_7)
FN:9,(anonymous_8)
FNF:2
FNH:0
FNDA:0,(anonymous_7)
FNDA:0,(anonymous_8)
DA:1,0
DA:2,0
DA:3,0
DA:5,0
DA:6,0
DA:7,0
DA:9,0
DA:10,0
DA:11,0
DA:13,0
DA:19,0
DA:20,0
DA:24,0
LF:13
LH:0
BRF:0
BRH:0
end_of_record
TN:
SF:src/adapters/inbound/express/routers/wallet.controller.ts
FN:9,(anonymous_7)
FN:9,(anonymous_8)
FN:31,(anonymous_9)
FN:31,(anonymous_10)
FNF:4
FNH:0
FNDA:0,(anonymous_7)
FNDA:0,(anonymous_8)
FNDA:0,(anonymous_9)
FNDA:0,(anonymous_10)
DA:1,0
DA:2,0
DA:3,0
DA:5,0
DA:6,0
DA:7,0
DA:9,0
DA:10,0
DA:11,0
DA:12,0
DA:14,0
DA:15,0
DA:16,0
DA:20,0
DA:26,0
DA:27,0
DA:31,0
DA:32,0
DA:33,0
DA:34,0
DA:36,0
DA:37,0
DA:38,0
DA:42,0
DA:48,0
DA:49,0
DA:53,0
LF:27
LH:0
BRDA:12,0,0,0
BRDA:15,1,0,0
BRDA:34,2,0,0
BRDA:37,3,0,0
BRF:4
BRH:0
end_of_record
TN:
SF:src/adapters/inbound/swagger/config.ts
FNF:0
FNH:0
DA:1,0
LF:1
LH:0
BRF:0
BRH:0
end_of_record
TN:
SF:src/adapters/logger/logger.ts
FN:10,(anonymous_0)
FN:21,(anonymous_1)
FNF:2
FNH:0
FNDA:0,(anonymous_0)
FNDA:0,(anonymous_1)
DA:1,0
DA:8,0
DA:11,0
DA:22,0
LF:4
LH:0
BRF:0
BRH:0
end_of_record
TN:
SF:src/adapters/outbound/database/databases.ts
FNF:0
FNH:0
DA:1,0
DA:9,0
DA:18,0
LF:3
LH:0
BRF:0
BRH:0
end_of_record
TN:
SF:src/adapters/outbound/database/ormconfig.ts
FNF:0
FNH:0
DA:1,0
DA:2,0
DA:4,0
DA:15,0
DA:17,0
LF:5
LH:0
BRF:0
BRH:0
end_of_record
TN:
SF:src/adapters/outbound/database/entities/order.ts
FN:3,(anonymous_1)
FNF:1
FNH:0
FNDA:0,(anonymous_1)
DA:1,0
DA:3,0
DA:4,0
DA:5,0
DA:6,0
DA:10,0
DA:12,0
DA:15,0
DA:18,0
DA:21,0
DA:28,0
DA:31,0
LF:12
LH:0
BRDA:3,0,0,0
BRDA:3,0,1,0
BRF:2
BRH:0
end_of_record
TN:
SF:src/adapters/outbound/database/entities/user.ts
FNF:0
FNH:0
DA:1,0
DA:4,0
DA:6,0
DA:9,0
DA:12,0
DA:15,0
DA:18,0
DA:21,0
DA:24,0
DA:27,0
LF:10
LH:0
BRF:0
BRH:0
end_of_record
TN:
SF:src/adapters/outbound/database/entities/wallet.ts
FNF:0
FNH:0
DA:1,0
DA:4,0
DA:6,0
DA:9,0
DA:12,0
LF:5
LH:0
BRF:0
BRH:0
end_of_record
TN:
SF:src/adapters/outbound/database/migrations/1708098961947-user.ts
FN:5,(anonymous_7)
FN:11,(anonymous_9)
FNF:2
FNH:0
FNDA:0,(anonymous_7)
FNDA:0,(anonymous_9)
DA:3,0
DA:6,0
DA:7,0
DA:8,0
DA:12,0
DA:13,0
LF:6
LH:0
BRF:0
BRH:0
end_of_record
TN:
SF:src/adapters/outbound/database/migrations/1708463238845-orders.ts
FN:5,(anonymous_7)
FN:9,(anonymous_9)
FNF:2
FNH:0
FNDA:0,(anonymous_7)
FNDA:0,(anonymous_9)
DA:3,0
DA:6,0
DA:10,0
LF:3
LH:0
BRF:0
BRH:0
end_of_record
TN:
SF:src/adapters/outbound/database/repositories/orderRepository.ts
FN:10,(anonymous_7)
FN:12,(anonymous_8)
FN:22,(anonymous_10)
FN:34,(anonymous_12)
FN:46,(anonymous_14)
FN:53,(anonymous_16)
FN:53,(anonymous_17)
FNF:7
FNH:0
FNDA:0,(anonymous_7)
FNDA:0,(anonymous_8)
FNDA:0,(anonymous_10)
FNDA:0,(anonymous_12)
FNDA:0,(anonymous_14)
FNDA:0,(anonymous_16)
FNDA:0,(anonymous_17)
DA:1,0
DA:3,0
DA:4,0
DA:10,0
DA:11,0
DA:13,0
DA:14,0
DA:19,0
DA:23,0
DA:24,0
DA:29,0
DA:31,0
DA:35,0
DA:36,0
DA:41,0
DA:43,0
DA:51,0
DA:52,0
DA:53,0
DA:54,0
DA:60,0
DA:69,0
LF:22
LH:0
BRDA:41,0,0,0
BRDA:41,0,1,0
BRF:2
BRH:0
end_of_record
TN:
SF:src/adapters/outbound/database/repositories/userRepository.ts
FN:6,(anonymous_7)
FN:8,(anonymous_8)
FN:18,(anonymous_10)
FN:27,(anonymous_12)
FN:39,(anonymous_14)
FN:51,(anonymous_16)
FNF:6
FNH:0
FNDA:0,(anonymous_7)
FNDA:0,(anonymous_8)
FNDA:0,(anonymous_10)
FNDA:0,(anonymous_12)
FNDA:0,(anonymous_14)
FNDA:0,(anonymous_16)
DA:3,0
DA:4,0
DA:6,0
DA:7,0
DA:9,0
DA:10,0
DA:15,0
DA:19,0
DA:20,0
DA:24,0
DA:28,0
DA:29,0
DA:34,0
DA:36,0
DA:40,0
DA:41,0
DA:46,0
DA:48,0
DA:52,0
DA:53,0
DA:59,0
DA:61,0
LF:22
LH:0
BRDA:46,0,0,0
BRDA:46,0,1,0
BRDA:59,1,0,0
BRDA:59,1,1,0
BRF:4
BRH:0
end_of_record
TN:
SF:src/adapters/outbound/database/repositories/walletRepository.ts
FN:6,(anonymous_7)
FN:8,(anonymous_8)
FN:18,(anonymous_10)
FN:31,(anonymous_12)
FNF:4
FNH:0
FNDA:0,(anonymous_7)
FNDA:0,(anonymous_8)
FNDA:0,(anonymous_10)
FNDA:0,(anonymous_12)
DA:1,0
DA:4,0
DA:6,0
DA:7,0
DA:9,0
DA:10,0
DA:15,0
DA:19,0
DA:20,0
DA:26,0
DA:28,0
DA:32,0
DA:33,0
DA:39,0
DA:41,0
LF:15
LH:0
BRDA:39,0,0,0
BRDA:39,0,1,0
BRF:2
BRH:0
end_of_record
TN:
SF:src/adapters/outbound/logger/logger.ts
FN:11,(anonymous_0)
FN:22,(anonymous_1)
FNF:2
FNH:0
FNDA:0,(anonymous_0)
FNDA:0,(anonymous_1)
DA:1,0
DA:9,0
DA:12,0
DA:23,0
LF:4
LH:0
BRF:0
BRH:0
end_of_record
TN:
SF:src/application/entities/Order.ts
FN:2,(anonymous_0)
FN:17,(anonymous_1)
FN:21,(anonymous_2)
FN:25,(anonymous_3)
FN:29,(anonymous_4)
FN:33,(anonymous_5)
FN:37,(anonymous_6)
FN:41,(anonymous_7)
FN:45,(anonymous_8)
FNF:9
FNH:0
FNDA:0,(anonymous_0)
FNDA:0,(anonymous_1)
FNDA:0,(anonymous_2)
FNDA:0,(anonymous_3)
FNDA:0,(anonymous_4)
FNDA:0,(anonymous_5)
FNDA:0,(anonymous_6)
FNDA:0,(anonymous_7)
FNDA:0,(anonymous_8)
DA:1,0
DA:2,0
DA:3,0
DA:4,0
DA:5,0
DA:16,0
DA:18,0
DA:22,0
DA:26,0
DA:30,0
DA:34,0
DA:38,0
DA:42,0
DA:46,0
LF:14
LH:0
BRDA:2,0,0,0
BRDA:2,0,1,0
BRF:2
BRH:0
end_of_record
TN:
SF:src/application/entities/User.ts
FN:22,(anonymous_0)
FN:26,(anonymous_1)
FN:30,(anonymous_2)
FN:34,(anonymous_3)
FN:38,(anonymous_4)
FN:42,(anonymous_5)
FN:46,(anonymous_6)
FN:50,(anonymous_7)
FN:54,(anonymous_8)
FN:58,(anonymous_9)
FN:62,(anonymous_10)
FN:66,(anonymous_11)
FN:71,(anonymous_12)
FN:77,(anonymous_13)
FNF:14
FNH:13
FNDA:4,(anonymous_0)
FNDA:1,(anonymous_1)
FNDA:1,(anonymous_2)
FNDA:1,(anonymous_3)
FNDA:1,(anonymous_4)
FNDA:0,(anonymous_5)
FNDA:1,(anonymous_6)
FNDA:2,(anonymous_7)
FNDA:2,(anonymous_8)
FNDA:1,(anonymous_9)
FNDA:1,(anonymous_10)
FNDA:4,(anonymous_11)
FNDA:4,(anonymous_12)
FNDA:4,(anonymous_13)
DA:1,1
DA:2,1
DA:3,1
DA:4,1
DA:21,1
DA:23,4
DA:27,1
DA:31,1
DA:35,1
DA:39,1
DA:43,0
DA:47,1
DA:51,2
DA:55,2
DA:59,1
DA:63,1
DA:67,4
DA:68,4
DA:72,4
DA:73,4
DA:74,4
DA:78,4
DA:79,4
DA:80,4
DA:81,4
DA:83,4
DA:84,4
LF:27
LH:26
BRDA:67,0,0,4
BRDA:67,0,1,0
BRF:2
BRH:1
end_of_record
TN:
SF:src/application/entities/Wallet.ts
FN:9,(anonymous_0)
FN:13,(anonymous_1)
FN:17,(anonymous_2)
FN:21,(anonymous_3)
FN:25,(anonymous_4)
FN:30,(anonymous_5)
FN:35,(anonymous_6)
FNF:7
FNH:0
FNDA:0,(anonymous_0)
FNDA:0,(anonymous_1)
FNDA:0,(anonymous_2)
FNDA:0,(anonymous_3)
FNDA:0,(anonymous_4)
FNDA:0,(anonymous_5)
FNDA:0,(anonymous_6)
DA:1,0
DA:8,0
DA:10,0
DA:14,0
DA:18,0
DA:22,0
DA:26,0
DA:27,0
DA:31,0
DA:32,0
DA:36,0
LF:11
LH:0
BRF:0
BRH:0
end_of_record
TN:
SF:src/application/service/index.ts
FNF:0
FNH:0
DA:1,0
DA:2,0
DA:3,0
LF:3
LH:0
BRF:0
BRH:0
end_of_record
TN:
SF:src/application/service/payment.service.ts
FN:13,(anonymous_7)
FN:21,(anonymous_9)
FNF:2
FNH:0
FNDA:0,(anonymous_7)
FNDA:0,(anonymous_9)
DA:7,0
DA:14,0
DA:15,0
DA:16,0
DA:18,0
DA:22,0
DA:23,0
DA:24,0
DA:26,0
DA:27,0
DA:28,0
DA:31,0
DA:36,0
DA:37,0
DA:41,0
DA:44,0
DA:56,0
DA:60,0
DA:61,0
DA:63,0
DA:64,0
LF:21
LH:0
BRDA:15,0,0,0
BRDA:26,1,0,0
BRDA:36,2,0,0
BRF:3
BRH:0
end_of_record
TN:
SF:src/application/service/user.service.ts
FN:10,(anonymous_7)
FN:25,(anonymous_9)
FN:33,(anonymous_11)
FN:51,(anonymous_13)
FN:57,(anonymous_15)
FNF:5
FNH:0
FNDA:0,(anonymous_7)
FNDA:0,(anonymous_9)
FNDA:0,(anonymous_11)
FNDA:0,(anonymous_13)
FNDA:0,(anonymous_15)
DA:2,0
DA:3,0
DA:4,0
DA:5,0
DA:6,0
DA:8,0
DA:11,0
DA:12,0
DA:13,0
DA:14,0
DA:15,0
DA:17,0
DA:18,0
DA:19,0
DA:21,0
DA:26,0
DA:27,0
DA:29,0
DA:37,0
DA:38,0
DA:39,0
DA:40,0
DA:42,0
DA:43,0
DA:45,0
DA:46,0
DA:48,0
DA:52,0
DA:53,0
DA:54,0
DA:58,0
DA:59,0
DA:60,0
LF:33
LH:0
BRDA:15,0,0,0
BRDA:39,1,0,0
BRDA:40,2,0,0
BRDA:42,3,0,0
BRDA:53,4,0,0
BRDA:59,5,0,0
BRF:6
BRH:0
end_of_record
TN:
SF:src/application/service/wallet.service.ts
FN:4,(anonymous_7)
FN:17,(anonymous_9)
FN:25,(anonymous_11)
FN:34,(anonymous_13)
FNF:4
FNH:0
FNDA:0,(anonymous_7)
FNDA:0,(anonymous_9)
FNDA:0,(anonymous_11)
FNDA:0,(anonymous_13)
DA:1,0
DA:3,0
DA:5,0
DA:6,0
DA:11,0
DA:13,0
DA:18,0
DA:19,0
DA:21,0
DA:26,0
DA:27,0
DA:28,0
DA:30,0
DA:35,0
DA:36,0
DA:37,0
DA:39,0
LF:17
LH:0
BRF:0
BRH:0
end_of_record
TN:
SF:src/application/valueObjects/cpf.ts
FN:6,(anonymous_0)
FN:14,(anonymous_1)
FNF:2
FNH:2
FNDA:6,(anonymous_0)
FNDA:5,(anonymous_1)
DA:1,2
DA:3,2
DA:7,6
DA:8,6
DA:9,1
DA:11,5
DA:15,5
LF:7
LH:7
BRDA:8,0,0,1
BRF:1
BRH:1
end_of_record
TN:
SF:src/application/valueObjects/email.ts
FN:5,(anonymous_0)
FN:12,(anonymous_1)
FNF:2
FNH:2
FNDA:7,(anonymous_0)
FNDA:4,(anonymous_1)
DA:1,2
DA:3,2
DA:6,7
DA:7,2
DA:9,5
DA:13,4
LF:6
LH:6
BRDA:6,0,0,2
BRF:1
BRH:1
end_of_record
TN:
SF:src/application/valueObjects/password.ts
FN:6,(anonymous_0)
FN:12,(anonymous_1)
FN:15,(anonymous_2)
FNF:3
FNH:3
FNDA:10,(anonymous_0)
FNDA:2,(anonymous_1)
FNDA:4,(anonymous_2)
DA:1,2
DA:2,2
DA:4,2
DA:7,10
DA:8,3
DA:10,7
DA:13,2
DA:16,4
LF:8
LH:8
BRDA:7,0,0,3
BRF:1
BRH:1
end_of_record
TN:
SF:src/utils/jwtToken.ts
FN:3,generateToken
FN:9,verifyToken
FNF:2
FNH:0
FNDA:0,generateToken
FNDA:0,verifyToken
DA:1,0
DA:3,0
DA:4,0
DA:9,0
DA:10,0
LF:5
LH:0
BRF:0
BRH:0
end_of_record
TN:
SF:src/utils/shared/Either.ts
FN:5,Left
FN:12,Right
FNF:2
FNH:1
FNDA:6,Left
FNDA:0,Right
DA:5,4
DA:6,6
DA:12,4
DA:13,0
LF:4
LH:3
BRF:0
BRH:0
end_of_record
TN:
SF:src/utils/shared/Entity.ts
FN:4,(anonymous_0)
FN:13,(anonymous_1)
FNF:2
FNH:2
FNDA:4,(anonymous_0)
FNDA:4,(anonymous_1)
DA:1,1
DA:2,1
DA:5,4
DA:9,1
DA:14,4
DA:15,4
LF:6
LH:6
BRDA:14,0,0,0
BRDA:14,0,1,4
BRF:2
BRH:1
end_of_record
TN:
SF:src/utils/shared/Guard.ts
FN:5,(anonymous_0)
FN:17,(anonymous_1)
FN:28,(anonymous_2)
FN:53,(anonymous_3)
FN:65,(anonymous_4)
FNF:5
FNH:3
FNDA:7,(anonymous_0)
FNDA:0,(anonymous_1)
FNDA:10,(anonymous_2)
FNDA:6,(anonymous_3)
FNDA:0,(anonymous_4)
DA:1,4
DA:2,4
DA:4,4
DA:6,7
DA:7,1
DA:8,1
DA:10,6
DA:11,1
DA:12,1
DA:14,5
DA:18,0
DA:19,0
DA:20,0
DA:21,0
DA:22,0
DA:23,0
DA:24,0
DA:25,0
DA:29,10
DA:30,10
DA:31,1
DA:32,1
DA:34,9
DA:39,0
DA:40,0
DA:42,9
DA:43,2
DA:44,2
DA:46,7
DA:47,0
DA:48,0
DA:50,7
DA:54,6
DA:55,1
DA:56,1
DA:58,5
DA:59,0
DA:60,0
DA:62,5
DA:66,0
DA:67,0
DA:68,0
DA:69,0
LF:43
LH:25
BRDA:6,0,0,1
BRDA:10,1,0,1
BRDA:18,2,0,0
BRDA:19,3,0,0
BRDA:21,4,0,0
BRDA:23,5,0,0
BRDA:30,6,0,1
BRDA:34,7,0,0
BRDA:42,8,0,2
BRDA:46,9,0,0
BRDA:54,10,0,1
BRDA:58,11,0,0
BRDA:66,12,0,0
BRDA:67,13,0,0
BRDA:68,14,0,0
BRF:15
BRH:5
end_of_record
TN:
SF:src/utils/shared/HashingPassword.ts
FN:3,hashingPassword
FN:9,IsPasswordValid
FNF:2
FNH:1
FNDA:4,hashingPassword
FNDA:0,IsPasswordValid
DA:1,2
DA:3,2
DA:4,4
DA:5,4
DA:6,4
DA:9,2
DA:13,0
DA:14,0
DA:17,0
DA:18,0
LF:10
LH:6
BRF:0
BRH:0
end_of_record
